
> test@0.1.0 build
> next build

info  - Linting and checking validity of types...
info  - Creating an optimized production build...
info  - Compiled successfully
info  - Collecting page data...
info  - Generating static pages (0/3)
info  - Generating static pages (3/3)
info  - Finalizing page optimization...

Route (pages)                              Size     First Load JS
┌ ○ /                                      472 B          73.2 kB
├   └ css/788805a0b4da364b.css             124 B
├   /_app                                  0 B            72.8 kB
├ ○ /404                                   181 B          72.9 kB
└ λ /api/hello                             0 B            72.8 kB
+ First Load JS shared by all              73 kB
  ├ chunks/framework-3b5a00d5d7e8d93b.js   45.4 kB
  ├ chunks/main-a455256c0236c590.js        26.3 kB
  ├ chunks/pages/_app-d0b36854ad15564d.js  340 B
  ├ chunks/webpack-8fa1640cc84ba8fe.js     750 B
  └ css/bf0f7ccb224f5e98.css               268 B

λ  (Server)  server-side renders at runtime (uses getInitialProps or getServerSideProps)
○  (Static)  automatically rendered as static HTML (uses no initial props)

